#
# There is insufficient memory for the Java Runtime Environment to continue.
# Native memory allocation (malloc) failed to allocate 522608 bytes for Chunk::new
# Possible reasons:
#   The system is out of physical RAM or swap space
#   In 32 bit mode, the process size limit was hit
# Possible solutions:
#   Reduce memory load on the system
#   Increase physical memory or swap space
#   Check if swap backing store is full
#   Use 64 bit Java on a 64 bit OS
#   Decrease Java heap size (-Xmx/-Xms)
#   Decrease number of Java threads
#   Decrease Java thread stack sizes (-Xss)
#   Set larger code cache with -XX:ReservedCodeCacheSize=
# This output file may be truncated or incomplete.
#
#  Out of Memory Error (allocation.cpp:390), pid=4632, tid=10584
#
# JRE version: Java(TM) SE Runtime Environment (8.0_25-b18) (build 1.8.0_25-b18)
# Java VM: Java HotSpot(TM) 64-Bit Server VM (25.25-b02 mixed mode windows-amd64 compressed oops)
# Failed to write core dump. Minidumps are not enabled by default on client versions of Windows
#

---------------  T H R E A D  ---------------

Current thread (0x000000001798b800):  JavaThread "C2 CompilerThread1" daemon [_thread_in_native, id=10584, stack(0x0000000018010000,0x0000000018110000)]

Stack: [0x0000000018010000,0x0000000018110000]
Native frames: (J=compiled Java code, j=interpreted, Vv=VM code, C=native code)
V  [jvm.dll+0x31667a]
V  [jvm.dll+0x267073]
V  [jvm.dll+0x267cb3]
V  [jvm.dll+0x25f5b5]
V  [jvm.dll+0xbf165]
V  [jvm.dll+0xbf60c]
V  [jvm.dll+0x44af32]
V  [jvm.dll+0x4be4f0]
V  [jvm.dll+0x4c1140]
V  [jvm.dll+0x451121]
V  [jvm.dll+0x4538f8]
V  [jvm.dll+0x437372]
V  [jvm.dll+0x98a02]
V  [jvm.dll+0x991f3]
V  [jvm.dll+0x22bde4]
V  [jvm.dll+0x2852fa]
C  [msvcr100.dll+0x21d9f]
C  [msvcr100.dll+0x21e3b]
C  [KERNEL32.DLL+0x13d2]
C  [ntdll.dll+0x154e4]


Current CompileTask:
C2:   3909 1185       4       com.android.dx.ssa.SCCP::simulateStmt (481 bytes)


---------------  P R O C E S S  ---------------

Java Threads: ( => current thread )
  0x0000000017d03000 JavaThread "pool-1-thread-4" [_thread_blocked, id=7428, stack(0x0000000019110000,0x0000000019210000)]
  0x0000000017d02800 JavaThread "pool-1-thread-3" [_thread_blocked, id=6316, stack(0x0000000019010000,0x0000000019110000)]
  0x0000000017d02000 JavaThread "pool-1-thread-2" [_thread_blocked, id=5564, stack(0x0000000018f10000,0x0000000019010000)]
  0x0000000017cfe000 JavaThread "pool-2-thread-1" [_thread_blocked, id=5180, stack(0x0000000018e10000,0x0000000018f10000)]
  0x0000000017cf8800 JavaThread "pool-1-thread-1" [_thread_in_Java, id=5716, stack(0x0000000018d10000,0x0000000018e10000)]
  0x000000001799a000 JavaThread "Service Thread" daemon [_thread_blocked, id=1648, stack(0x0000000018310000,0x0000000018410000)]
  0x0000000017990000 JavaThread "C1 CompilerThread3" daemon [_thread_blocked, id=10196, stack(0x0000000018210000,0x0000000018310000)]
  0x000000001798d000 JavaThread "C2 CompilerThread2" daemon [_thread_in_native, id=7660, stack(0x0000000018110000,0x0000000018210000)]
=>0x000000001798b800 JavaThread "C2 CompilerThread1" daemon [_thread_in_native, id=10584, stack(0x0000000018010000,0x0000000018110000)]
  0x0000000017936000 JavaThread "C2 CompilerThread0" daemon [_thread_blocked, id=6380, stack(0x0000000017f10000,0x0000000018010000)]
  0x0000000017934800 JavaThread "Attach Listener" daemon [_thread_blocked, id=10916, stack(0x0000000017e10000,0x0000000017f10000)]
  0x0000000017933800 JavaThread "Signal Dispatcher" daemon [_thread_blocked, id=10864, stack(0x0000000017d10000,0x0000000017e10000)]
  0x0000000002e17800 JavaThread "Finalizer" daemon [_thread_blocked, id=5024, stack(0x0000000017810000,0x0000000017910000)]
  0x000000001593c800 JavaThread "Reference Handler" daemon [_thread_blocked, id=11644, stack(0x0000000017710000,0x0000000017810000)]
  0x0000000002d20800 JavaThread "main" [_thread_blocked, id=9656, stack(0x0000000002bb0000,0x0000000002cb0000)]

Other Threads:
  0x0000000015938800 VMThread [stack: 0x0000000017610000,0x0000000017710000] [id=3056]
  0x000000001799d000 WatcherThread [stack: 0x0000000018410000,0x0000000018510000] [id=1204]

VM state:not at safepoint (normal execution)

VM Mutex/Monitor currently owned by a thread: None

Heap:
 PSYoungGen      total 38400K, used 11305K [0x00000000eab00000, 0x00000000ef600000, 0x0000000100000000)
  eden space 33280K, 18% used [0x00000000eab00000,0x00000000eb10ded0,0x00000000ecb80000)
  from space 5120K, 99% used [0x00000000ecb80000,0x00000000ed07c8c8,0x00000000ed080000)
  to   space 5120K, 0% used [0x00000000ef100000,0x00000000ef100000,0x00000000ef600000)
 ParOldGen       total 87552K, used 501K [0x00000000c0000000, 0x00000000c5580000, 0x00000000eab00000)
  object space 87552K, 0% used [0x00000000c0000000,0x00000000c007d670,0x00000000c5580000)
 Metaspace       used 5965K, capacity 6896K, committed 7040K, reserved 1056768K
  class space    used 591K, capacity 616K, committed 640K, reserved 1048576K

Card table byte_map: [0x00000000121e0000,0x00000000123f0000] byte_map_base: 0x0000000011be0000

Marking Bits: (ParMarkBitMap*) 0x000000006035d490
 Begin Bits: [0x0000000012d50000, 0x0000000013d50000)
 End Bits:   [0x0000000013d50000, 0x0000000014d50000)

Polling page: 0x0000000002b50000

CodeCache: size=245760Kb used=5006Kb max_used=5019Kb free=240754Kb
 bounds [0x0000000002e20000, 0x0000000003310000, 0x0000000011e20000]
 total_blobs=1540 nmethods=1276 adapters=178
 compilation: enabled

Compilation events (10 events):
Event: 3.587 Thread 0x0000000017990000 nmethod 1215 0x00000000032dae50 code [0x00000000032dafc0, 0x00000000032db188]
Event: 3.587 Thread 0x0000000017990000 1228   !   3       com.android.dx.cf.code.OneLocalsArray::set (106 bytes)
Event: 3.587 Thread 0x000000001798d000 nmethod 1222 0x00000000032dab10 code [0x00000000032dac60, 0x00000000032dad38]
Event: 3.587 Thread 0x000000001798d000 1229       4       com.android.dx.cf.code.LineNumberList::pcToLine (73 bytes)
Event: 3.588 Thread 0x0000000017990000 nmethod 1228 0x00000000032df6d0 code [0x00000000032df900, 0x00000000032e06d8]
Event: 3.588 Thread 0x0000000017990000 1230       3       com.android.dx.rop.cst.TypedConstant::isConstant (2 bytes)
Event: 3.588 Thread 0x0000000017990000 nmethod 1230 0x00000000032da7d0 code [0x00000000032da920, 0x00000000032daa70]
Event: 3.588 Thread 0x0000000017990000 1226       3       java.util.HashMap::<init> (8 bytes)
Event: 3.588 Thread 0x0000000017990000 nmethod 1226 0x00000000032df310 code [0x00000000032df4a0, 0x00000000032df628]
Event: 3.588 Thread 0x0000000017990000 1227       3       java.util.HashMap::<init> (98 bytes)

GC Heap History (0 events):
No events

Deoptimization events (4 events):
Event: 1.860 Thread 0x0000000017cf8800 Uncommon trap: reason=class_check action=maybe_recompile pc=0x0000000003076c30 method=com.android.dx.ssa.NormalSsaInsn.accept(Lcom/android/dx/ssa/SsaInsn$Visitor;)V @ 9
Event: 1.881 Thread 0x0000000017cf8800 Uncommon trap: reason=class_check action=maybe_recompile pc=0x0000000003076c30 method=com.android.dx.ssa.NormalSsaInsn.accept(Lcom/android/dx/ssa/SsaInsn$Visitor;)V @ 9
Event: 2.679 Thread 0x0000000017d03000 Uncommon trap: reason=unreached action=reinterpret pc=0x0000000003151ebc method=com.android.dx.rop.code.LocalItem.hashCode()I @ 25
Event: 2.731 Thread 0x0000000017d02800 Uncommon trap: reason=unreached action=reinterpret pc=0x000000000314579c method=com.android.dx.rop.cst.Constant.compareTo(Lcom/android/dx/rop/cst/Constant;)I @ 12

Internal exceptions (10 events):
Event: 1.829 Thread 0x0000000002d20800 Exception <a 'java/security/PrivilegedActionException'> (0x00000000ebbe8f20) thrown at [D:\re\workspace\8-2-build-windows-amd64-cygwin\jdk8u25\1677\hotspot\src\share\vm\prims\jvm.cpp, line 1312]
Event: 1.837 Thread 0x0000000017cf8800 Exception <a 'java/security/PrivilegedActionException'> (0x00000000ebccd378) thrown at [D:\re\workspace\8-2-build-windows-amd64-cygwin\jdk8u25\1677\hotspot\src\share\vm\prims\jvm.cpp, line 1312]
Event: 2.156 Thread 0x0000000002d20800 Exception <a 'java/security/PrivilegedActionException'> (0x00000000ebe9ec18) thrown at [D:\re\workspace\8-2-build-windows-amd64-cygwin\jdk8u25\1677\hotspot\src\share\vm\prims\jvm.cpp, line 1312]
Event: 2.158 Thread 0x0000000002d20800 Exception <a 'java/security/PrivilegedActionException'> (0x00000000ebea9038) thrown at [D:\re\workspace\8-2-build-windows-amd64-cygwin\jdk8u25\1677\hotspot\src\share\vm\prims\jvm.cpp, line 1312]
Event: 2.158 Thread 0x0000000002d20800 Exception <a 'java/security/PrivilegedActionException'> (0x00000000ebeab8b8) thrown at [D:\re\workspace\8-2-build-windows-amd64-cygwin\jdk8u25\1677\hotspot\src\share\vm\prims\jvm.cpp, line 1312]
Event: 2.166 Thread 0x0000000002d20800 Exception <a 'java/security/PrivilegedActionException'> (0x00000000ec175508) thrown at [D:\re\workspace\8-2-build-windows-amd64-cygwin\jdk8u25\1677\hotspot\src\share\vm\prims\jvm.cpp, line 1312]
Event: 2.166 Thread 0x0000000002d20800 Exception <a 'java/security/PrivilegedActionException'> (0x00000000ec177f98) thrown at [D:\re\workspace\8-2-build-windows-amd64-cygwin\jdk8u25\1677\hotspot\src\share\vm\prims\jvm.cpp, line 1312]
Event: 2.715 Thread 0x0000000017d02800 Exception <a 'java/security/PrivilegedActionException'> (0x00000000ec138fc0) thrown at [D:\re\workspace\8-2-build-windows-amd64-cygwin\jdk8u25\1677\hotspot\src\share\vm\prims\jvm.cpp, line 1312]
Event: 2.716 Thread 0x0000000017d02800 Exception <a 'java/security/PrivilegedActionException'> (0x00000000ec13eae8) thrown at [D:\re\workspace\8-2-build-windows-amd64-cygwin\jdk8u25\1677\hotspot\src\share\vm\prims\jvm.cpp, line 1312]
Event: 2.717 Thread 0x0000000017d02800 Exception <a 'java/security/PrivilegedActionException'> (0x00000000ec1442e8) thrown at [D:\re\workspace\8-2-build-windows-amd64-cygwin\jdk8u25\1677\hotspot\src\share\vm\prims\jvm.cpp, line 1312]

Events (10 events):
Event: 2.731 Thread 0x0000000017d02800 Uncommon trap: trap_request=0xffffffad fr.pc=0x000000000314579c
Event: 2.731 Thread 0x0000000017d02800 DEOPT PACKING pc=0x000000000314579c sp=0x000000001910e630
Event: 2.731 Thread 0x0000000017d02800 DEOPT UNPACKING pc=0x0000000002e6556a sp=0x000000001910e5d0 mode 2
Event: 3.579 loading class java/util/TreeMap$EntrySet
Event: 3.580 loading class java/util/TreeMap$EntrySet done
Event: 3.580 loading class java/util/TreeMap$EntryIterator
Event: 3.580 loading class java/util/TreeMap$EntryIterator done
Event: 3.580 Executing VM operation: Deoptimize
Event: 3.581 Executing VM operation: Deoptimize done
Event: 3.588 Executing VM operation: ParallelGCFailedAllocation


Dynamic libraries:
0x00007ff7746f0000 - 0x00007ff774724000 	C:\Program Files\Java\jdk1.8.0_25\bin\java.exe
0x00007ffe3a8b0000 - 0x00007ffe3aa5d000 	C:\WINDOWS\SYSTEM32\ntdll.dll
0x00007ffe39af0000 - 0x00007ffe39c2e000 	C:\WINDOWS\system32\KERNEL32.DLL
0x00007ffe37b80000 - 0x00007ffe37c95000 	C:\WINDOWS\system32\KERNELBASE.dll
0x00007ffe36580000 - 0x00007ffe3660e000 	C:\WINDOWS\system32\apphelp.dll
0x00007ffe2ba60000 - 0x00007ffe2bab3000 	C:\WINDOWS\AppPatch\AppPatch64\AcGenral.DLL
0x00007ffe3a040000 - 0x00007ffe3a0ea000 	C:\WINDOWS\system32\msvcrt.dll
0x00007ffe37830000 - 0x00007ffe3785e000 	C:\WINDOWS\SYSTEM32\SspiCli.dll
0x00007ffe39c30000 - 0x00007ffe39c84000 	C:\WINDOWS\system32\SHLWAPI.dll
0x00007ffe38180000 - 0x00007ffe382f7000 	C:\WINDOWS\system32\USER32.dll
0x00007ffe3a1b0000 - 0x00007ffe3a344000 	C:\WINDOWS\system32\ole32.dll
0x00007ffe38460000 - 0x00007ffe3998a000 	C:\WINDOWS\system32\SHELL32.dll
0x00007ffe36f60000 - 0x00007ffe36f81000 	C:\WINDOWS\SYSTEM32\USERENV.dll
0x00007ffe3a350000 - 0x00007ffe3a3fa000 	C:\WINDOWS\system32\ADVAPI32.dll
0x00007ffe2cc70000 - 0x00007ffe2cc8e000 	C:\WINDOWS\SYSTEM32\MPR.dll
0x00007ffe39c90000 - 0x00007ffe39dd1000 	C:\WINDOWS\system32\RPCRT4.dll
0x00007ffe39a60000 - 0x00007ffe39ab9000 	C:\WINDOWS\SYSTEM32\sechost.dll
0x00007ffe3a560000 - 0x00007ffe3a771000 	C:\WINDOWS\SYSTEM32\combase.dll
0x00007ffe3a400000 - 0x00007ffe3a550000 	C:\WINDOWS\system32\GDI32.dll
0x00007ffe37a00000 - 0x00007ffe37a15000 	C:\WINDOWS\SYSTEM32\profapi.dll
0x00007ffe35f50000 - 0x00007ffe36002000 	C:\WINDOWS\SYSTEM32\SHCORE.dll
0x00007ffe38140000 - 0x00007ffe38176000 	C:\WINDOWS\system32\IMM32.DLL
0x00007ffe38300000 - 0x00007ffe38452000 	C:\WINDOWS\system32\MSCTF.dll
0x00007ffe34a50000 - 0x00007ffe34ccb000 	C:\WINDOWS\WinSxS\amd64_microsoft.windows.common-controls_6595b64144ccf1df_6.0.9600.18006_none_623f33d3ecbe86e8\COMCTL32.dll
0x000000005f700000 - 0x000000005f7d2000 	C:\Program Files\Java\jdk1.8.0_25\jre\bin\msvcr100.dll
0x000000005fb80000 - 0x00000000603da000 	C:\Program Files\Java\jdk1.8.0_25\jre\bin\server\jvm.dll
0x00007ffe2ed80000 - 0x00007ffe2ed89000 	C:\WINDOWS\SYSTEM32\WSOCK32.dll
0x00007ffe2b630000 - 0x00007ffe2b652000 	C:\WINDOWS\SYSTEM32\WINMM.dll
0x00007ffe39ac0000 - 0x00007ffe39ac7000 	C:\WINDOWS\system32\PSAPI.DLL
0x00007ffe380e0000 - 0x00007ffe3813a000 	C:\WINDOWS\system32\WS2_32.dll
0x00007ffe2b600000 - 0x00007ffe2b62a000 	C:\WINDOWS\SYSTEM32\WINMMBASE.dll
0x00007ffe3a030000 - 0x00007ffe3a039000 	C:\WINDOWS\system32\NSI.dll
0x00007ffe37b30000 - 0x00007ffe37b7f000 	C:\WINDOWS\SYSTEM32\cfgmgr32.dll
0x00007ffe36810000 - 0x00007ffe36838000 	C:\WINDOWS\SYSTEM32\DEVOBJ.dll
0x000000005fb70000 - 0x000000005fb7f000 	C:\Program Files\Java\jdk1.8.0_25\jre\bin\verify.dll
0x000000005fb40000 - 0x000000005fb68000 	C:\Program Files\Java\jdk1.8.0_25\jre\bin\java.dll
0x000000005fb20000 - 0x000000005fb36000 	C:\Program Files\Java\jdk1.8.0_25\jre\bin\zip.dll
0x00007ffe0e070000 - 0x00007ffe0e1f9000 	C:\WINDOWS\SYSTEM32\dbghelp.dll

VM Arguments:
jvm_args: -Xmx1024M -Dfile.encoding=windows-1252 -Duser.country=US -Duser.language=en -Duser.variant 
java_command: com.android.dx.command.Main --dex --num-threads=4 --output D:\sources\TestingForEstaben\app\build\intermediates\pre-dexed\debug\internal_impl-24.0.0-beta1-139011cf249a59f16eb9cc5e994e6c332c075b86.jar D:\sources\TestingForEstaben\app\build\intermediates\exploded-aar\com.android.support\support-v4\24.0.0-beta1\jars\libs\internal_impl-24.0.0-beta1.jar
java_class_path (initial): C:\Users\Ali Haider\AppData\Local\Android\sdk\build-tools\24.0.0-preview\lib\dx.jar
Launcher Type: SUN_STANDARD

Environment Variables:
JAVA_HOME=C:\Program Files\Java\jdk1.8.0_25
PATH=C:\Program Files (x86)\Common Files\NetSarang;C:\WINDOWS\system32;C:\WINDOWS;C:\WINDOWS\System32\Wbem;C:\WINDOWS\System32\WindowsPowerShell\v1.0\;C:\Program Files\TortoiseSVN\bin;C:\Program Files (x86)\Git\cmd;C:\Program Files (x86)\Git\bin;C:\Program Files (x86)\Skype\Phone\;C:\Program Files (x86)\ATI Technologies\ATI.ACE\Core-Static;C:\wamp\bin\mysql\mysql5.6.12\bin;C:\Python26;C:\Python26\Scripts;C:\Python26\Lib\site-packages\django\bin;C:\Program Files\Java\jdk1.8.0_25\bin;C:\Users\Ali Haider\AppData\Local\Android\sdk\tools;C:\Users\Ali Haider\AppData\Local\Android\sdk\platform-tools
USERNAME=Hina Khan
OS=Windows_NT
PROCESSOR_IDENTIFIER=Intel64 Family 6 Model 42 Stepping 7, GenuineIntel



---------------  S Y S T E M  ---------------

OS: Windows 8.1 , 64 bit Build 9600 

CPU:total 8 (4 cores per cpu, 2 threads per core) family 6 model 42 stepping 7, cmov, cx8, fxsr, mmx, sse, sse2, sse3, ssse3, sse4.1, sse4.2, popcnt, avx, aes, clmul, ht, tsc, tscinvbit

Memory: 4k page, physical 8321388k(1046872k free), swap 11467116k(108640k free)

vm_info: Java HotSpot(TM) 64-Bit Server VM (25.25-b02) for windows-amd64 JRE (1.8.0_25-b18), built on Oct  7 2014 14:25:37 by "java_re" with MS VC++ 10.0 (VS2010)

time: Wed Jun 08 23:13:35 2016
elapsed time: 3 seconds (0d 0h 0m 3s)

